e:\visual studio\object-oriented-programming\svg-files-original\svg-files-original\debug\vc142.pdb
e:\visual studio\object-oriented-programming\svg-files-original\svg-files-original\debug\vc142.idb
e:\visual studio\object-oriented-programming\svg-files-original\svg-files-original\debug\vector.obj
e:\visual studio\object-oriented-programming\svg-files-original\svg-files-original\debug\taskmanager.obj
e:\visual studio\object-oriented-programming\svg-files-original\svg-files-original\debug\string.obj
e:\visual studio\object-oriented-programming\svg-files-original\svg-files-original\debug\rect.obj
e:\visual studio\object-oriented-programming\svg-files-original\svg-files-original\debug\line.obj
e:\visual studio\object-oriented-programming\svg-files-original\svg-files-original\debug\figure.obj
e:\visual studio\object-oriented-programming\svg-files-original\svg-files-original\debug\circle.obj
e:\visual studio\object-oriented-programming\svg-files-original\svg-files-original\debug\main.obj
e:\visual studio\object-oriented-programming\svg-files-original\svg-files-original\debug\commandreader.obj
e:\visual studio\object-oriented-programming\svg-files-original\debug\svg-files-original.exe
e:\visual studio\object-oriented-programming\svg-files-original\debug\svg-files-original.ilk
e:\visual studio\object-oriented-programming\svg-files-original\debug\svg-files-original.pdb
e:\visual studio\object-oriented-programming\svg-files-original\svg-files-original\debug\svg-file.028560c0.tlog\cl.command.1.tlog
e:\visual studio\object-oriented-programming\svg-files-original\svg-files-original\debug\svg-file.028560c0.tlog\cl.read.1.tlog
e:\visual studio\object-oriented-programming\svg-files-original\svg-files-original\debug\svg-file.028560c0.tlog\cl.write.1.tlog
e:\visual studio\object-oriented-programming\svg-files-original\svg-files-original\debug\svg-file.028560c0.tlog\link.command.1.tlog
e:\visual studio\object-oriented-programming\svg-files-original\svg-files-original\debug\svg-file.028560c0.tlog\link.read.1.tlog
e:\visual studio\object-oriented-programming\svg-files-original\svg-files-original\debug\svg-file.028560c0.tlog\link.write.1.tlog
